#MODEL NO, nViolations (if distances<=2.75) 
0, 87
1, 156
2, 153
3, 183
4, 156
5, 90
6, 197
7, 156
8, 21
9, 39
10, 162
11, 109
12, 147
13, 9
14, 28
15, 115
16, 181
17, 187
18, 194
19, 154
20, 167
21, 204
22, 176
23, 194
24, 172
25, 76
26, 38
27, 105
28, 227
29, 166
30, 90
31, 103
32, 32
33, 33
34, 42
35, 139
36, 57
37, 39
38, 81
39, 191
40, 166
41, 127
42, 153
43, 227
44, 118
45, 228
46, 214
47, 49
48, 30
49, 41
50, 33
51, 134
52, 87
53, 116
54, 11
55, 130
56, 133
57, 85
58, 102
59, 89
60, 76
61, 102
62, 106
63, 32
64, 136
65, 173
66, 175
67, 176
68, 173
69, 189
70, 99
71, 16
72, 25
73, 43
74, 44
75, 37
76, 63
77, 34
78, 144
79, 100
80, 30
81, 86
82, 159
83, 84
84, 205
85, 129
86, 16
87, 15
88, 84
89, 13
90, 220
91, 216
92, 8
93, 6
94, 79
95, 34
96, 153
97, 42
98, 125
99, 150
100, 109
101, 138
102, 11
103, 121
104, 46
105, 134
106, 146
107, 99
108, 189
109, 130
110, 99
111, 136
112, 190
113, 146
114, 115
115, 234
116, 231
117, 92
118, 1
119, 6
120, 18
121, 26
122, 204
123, 33
124, 29
125, 135
126, 72
127, 189
128, 37
129, 91
130, 198
131, 168
132, 145
133, 203
134, 193
135, 188
136, 189
137, 167
138, 158
139, 188
140, 168
141, 103
142, 162
143, 138
144, 56
145, 217
146, 123
147, 108
148, 122
149, 173
150, 192
151, 37
152, 218
153, 185
154, 205
155, 107
156, 234
157, 205
158, 195
159, 178
160, 195
161, 221
162, 234
163, 200
164, 28
165, 17
166, 24
167, 18
168, 76
169, 21
170, 12
171, 150
172, 38
173, 82
174, 159
175, 176
176, 207
177, 183
178, 189
179, 190
180, 144
181, 102
182, 14
183, 38
184, 64
185, 31
186, 10
187, 22
188, 23
189, 9
190, 79
191, 165
192, 27
193, 69
194, 38
195, 186
196, 150
197, 189
198, 189
199, 10
200, 51
201, 33
202, 16
203, 216
204, 158
205, 110
206, 127
207, 150
208, 143
209, 34
210, 26
211, 101
212, 59
213, 25
214, 179
215, 127
216, 54
217, 95
218, 31
219, 158
220, 202
221, 151
222, 146
223, 141
224, 153
225, 181
226, 142
227, 119
228, 74
229, 95
230, 211
231, 128
232, 128
233, 99
234, 28
235, 153
236, 171
237, 146
238, 101
239, 96
240, 71
241, 133
242, 9
243, 17
244, 23
245, 53
246, 45
247, 61
248, 49
249, 27
250, 61
251, 35
252, 38
253, 40
254, 212
255, 184
256, 36
257, 47
258, 35
259, 61
260, 126
261, 154
262, 17
263, 33
264, 184
265, 174
266, 43
267, 29
268, 138
269, 113
270, 115
271, 167
272, 28
273, 2
274, 5
275, 3
276, 6
277, 6
278, 3
279, 5
280, 3
281, 130
282, 139
283, 148
284, 162
285, 158
286, 174
287, 157
288, 199
289, 24
290, 41
291, 52
292, 49
293, 221
294, 21
295, 215
296, 168
297, 143
298, 216
299, 139
300, 190
301, 204
302, 248
303, 219
304, 199
305, 6
306, 176
307, 177
308, 192
309, 21
310, 37
311, 149
312, 63
313, 68
314, 89
315, 112
316, 10
317, 42
318, 70
319, 90
320, 214
321, 40
322, 9
323, 25
324, 165
325, 64
326, 132
327, 179
328, 22
329, 40
330, 133
331, 178
332, 137
333, 96
334, 89
335, 44
336, 92
337, 152
338, 4
339, 10
340, 137
341, 124
342, 140
343, 33
344, 105
345, 20
346, 14
347, 22
348, 24
349, 65
350, 124
351, 69
352, 175
353, 203
354, 25
355, 43
356, 50
357, 138
358, 113
359, 160
360, 207
361, 219
362, 147
363, 79
364, 58
365, 32
366, 193
367, 27
368, 83
369, 99
370, 212
371, 21
372, 119
373, 138
374, 145
375, 28
376, 77
377, 167
378, 49
379, 36
380, 33
381, 59
382, 39
383, 68
384, 32
385, 75
386, 12
387, 158
388, 96
389, 78
390, 43
391, 161
392, 203
393, 74
394, 67
395, 87
396, 16
397, 31
398, 168
399, 144
400, 197
401, 139
402, 42
403, 63
404, 55
405, 87
406, 150
407, 14
408, 17
409, 30
410, 17
411, 20
412, 44
413, 38
414, 72
415, 74
416, 34
417, 171
418, 11
419, 37
420, 8
421, 20
422, 96
423, 218
424, 184
425, 69
426, 44
427, 126
428, 32
429, 190
430, 118
431, 47
432, 16
433, 94
434, 69
435, 66
436, 34
437, 173
438, 161
439, 168
440, 204
441, 31
442, 10
443, 6
444, 12
445, 67
446, 96
447, 102
448, 230
449, 109
450, 143
451, 156
452, 151
453, 45
454, 163
455, 163
456, 57
457, 28
458, 11
459, 9
460, 6
461, 155
462, 154
463, 166
464, 154
465, 88
466, 52
467, 208
468, 44
469, 27
470, 43
471, 150
472, 239
473, 158
474, 19
475, 157
476, 112
477, 182
478, 141
479, 179
480, 171
481, 127
482, 154
483, 154
484, 39
485, 10
486, 142
487, 210
488, 60
489, 12
490, 106
491, 161
492, 209
493, 182
494, 160
495, 202
496, 194
497, 158
498, 137
499, 183
500, 15
501, 10
502, 19
503, 17
504, 15
505, 4
506, 6
507, 122
508, 187
509, 44
510, 96
511, 12
512, 78
513, 131
514, 38
515, 111
516, 21
517, 45
518, 61
519, 49
520, 36
521, 28
522, 22
523, 52
524, 9
525, 126
526, 25
527, 134
528, 133
529, 14
530, 85
531, 55
532, 171
533, 19
534, 102
535, 188
536, 107
537, 53
538, 61
539, 36
540, 125
541, 226
542, 51
543, 36
544, 184
545, 202
546, 152
547, 146
548, 127
549, 137
550, 28
551, 53
552, 81
553, 189
554, 82
555, 136
556, 137
557, 144
558, 165
559, 179
560, 110
561, 77
562, 78
563, 66
564, 27
565, 33
566, 62
567, 60
568, 103
569, 171
570, 52
571, 108
572, 96
573, 113
574, 72
575, 156
576, 184
577, 135
578, 161
579, 43
580, 46
581, 73
582, 39
583, 83
584, 50
585, 140
586, 175
587, 26
588, 199
589, 43
590, 224
591, 90
592, 131
593, 10
594, 56
595, 31
596, 61
597, 11
598, 135
599, 196
600, 87
601, 75
602, 88
603, 67
604, 138
605, 143
606, 59
607, 173
608, 157
609, 89
610, 14
611, 26
612, 26
613, 23
614, 43
615, 164
616, 38
617, 130
618, 58
619, 188
620, 119
621, 104
622, 133
623, 80
624, 90
625, 94
626, 20
627, 155
628, 61
629, 66
630, 29
631, 26
632, 126
633, 15
634, 176
635, 73
636, 30
637, 22
638, 143
639, 176
640, 152
641, 136
642, 57
643, 130
644, 113
645, 205
646, 147
647, 222
648, 147
649, 25
650, 177
651, 88
652, 116
653, 159
654, 114
655, 42
656, 39
657, 11
658, 83
659, 97
660, 66
661, 18
662, 46
663, 42
664, 109
665, 107
666, 152
667, 125
668, 157
669, 129
670, 51
671, 180
672, 17
673, 120
674, 208
675, 71
676, 53
677, 48
678, 58
679, 23
680, 86
681, 115
682, 105
683, 11
684, 21
685, 91
686, 73
687, 111
688, 144
689, 79
690, 124
691, 137
692, 85
693, 162
694, 133
695, 167
696, 205
697, 85
698, 21
699, 16
700, 22
701, 153
702, 187
703, 145
704, 176
705, 116
706, 82
707, 39
708, 179
709, 19
710, 109
711, 40
712, 33
713, 25
714, 101
715, 209
716, 15
717, 50
718, 188
719, 142
720, 10
721, 56
722, 37
723, 58
724, 83
725, 124
726, 85
727, 25
728, 17
729, 151
730, 194
731, 189
732, 205
733, 124
734, 93
735, 102
736, 102
737, 51
738, 25
739, 98
740, 173
741, 201
742, 27
743, 77
744, 192
745, 107
746, 64
747, 120
748, 90
749, 201
750, 79
751, 184
752, 143
753, 155
754, 194
755, 195
756, 157
757, 147
758, 118
759, 11
760, 45
761, 36
762, 22
763, 19
764, 208
765, 58
766, 35
767, 25
768, 31
769, 63
770, 33
771, 57
772, 49
773, 68
774, 65
775, 47
776, 208
777, 114
778, 128
779, 168
780, 158
781, 16
782, 14
783, 26
784, 172
785, 97
786, 76
787, 98
788, 91
789, 111
790, 139
791, 57
792, 71
793, 186
794, 194
795, 140
796, 179
797, 121
798, 58
799, 108
800, 74
801, 65
802, 64
803, 101
804, 36
805, 134
806, 152
807, 164
808, 111
809, 36
810, 57
811, 55
812, 232
813, 96
814, 96
815, 173
816, 173
817, 128
818, 118
819, 148
820, 127
821, 125
822, 208
823, 183
824, 186
825, 186
826, 136
827, 47
828, 71
829, 181
830, 117
831, 13
832, 184
833, 27
834, 179
835, 23
836, 22
837, 32
838, 53
839, 32
840, 58
841, 24
842, 20
843, 23
844, 67
845, 160
846, 88
847, 243
848, 236
849, 115
850, 224
851, 65
852, 86
853, 116
854, 111
855, 53
856, 45
857, 38
858, 150
859, 216
860, 92
861, 163
862, 184
863, 212
864, 100
865, 77
866, 36
867, 144
868, 153
869, 86
870, 189
871, 194
872, 202
873, 197
874, 72
875, 50
876, 141
877, 119
878, 121
879, 113
880, 140
881, 200
882, 183
883, 158
884, 201
885, 182
886, 180
887, 155
888, 179
889, 169
890, 51
891, 203
892, 73
893, 11
894, 90
895, 116
896, 35
897, 171
898, 49
899, 46
900, 136
901, 70
902, 52
903, 113
904, 24
905, 16
906, 25
907, 27
908, 47
909, 57
910, 58
911, 58
912, 54
913, 29
914, 77
915, 144
916, 200
917, 10
918, 26
919, 59
920, 63
921, 52
922, 112
923, 176
924, 154
925, 110
926, 69
927, 78
928, 60
929, 173
930, 145
931, 34
932, 159
933, 139
934, 44
935, 133
936, 200
937, 30
938, 52
939, 60
940, 110
941, 222
942, 15
943, 100
944, 170
945, 210
946, 223
947, 14
948, 82
949, 54
950, 121
951, 187
952, 97
953, 111
954, 81
955, 109
956, 209
957, 208
958, 205
959, 184
960, 110
961, 58
962, 40
963, 17
964, 53
965, 84
966, 130
967, 22
968, 132
969, 177
970, 155
971, 115
972, 159
973, 211
974, 186
975, 94
976, 57
977, 102
978, 108
979, 133
980, 160
981, 94
982, 149
983, 180
984, 189
985, 201
986, 200
987, 199
988, 203
989, 209
990, 215
991, 175
992, 196
993, 13
994, 140
995, 172
996, 107
997, 9
998, 63
999, 79
1000, 46
1001, 49
1002, 52
1003, 49
1004, 61
1005, 43
1006, 36
1007, 55
1008, 149
1009, 152
1010, 110
1011, 122
1012, 175
1013, 151
1014, 96
1015, 57
1016, 63
1017, 63
1018, 124
1019, 28
1020, 66
1021, 65
1022, 62
1023, 129
1024, 182
1025, 192
1026, 170
1027, 82
1028, 57
1029, 9
1030, 9
1031, 180
1032, 168
1033, 98
1034, 63
1035, 75
1036, 106
1037, 68
1038, 72
1039, 63
1040, 118
1041, 39
1042, 50
1043, 45
1044, 30
1045, 36
1046, 154
1047, 164
1048, 156
1049, 124
1050, 90
1051, 112
1052, 18
1053, 8
1054, 13
1055, 38
1056, 24
1057, 14
1058, 22
1059, 23
1060, 19
1061, 9
1062, 198
1063, 82
1064, 82
1065, 59
1066, 82
1067, 89
1068, 151
1069, 75
1070, 203
1071, 178
1072, 154
1073, 140
1074, 170
1075, 213
1076, 169
1077, 131
1078, 149
1079, 104
1080, 141
1081, 69
1082, 76
1083, 45
1084, 86
1085, 66
1086, 97
1087, 9
1088, 9
1089, 18
1090, 19
1091, 25
1092, 9
1093, 170
1094, 164
1095, 171
1096, 172
1097, 173
1098, 163
1099, 159
1100, 163
1101, 138
1102, 54
1103, 159
1104, 142
1105, 38
1106, 163
1107, 78
1108, 58
1109, 83
1110, 161
1111, 83
1112, 79
1113, 44
1114, 43
1115, 45
1116, 136
1117, 160
1118, 171
1119, 124
1120, 109
1121, 46
1122, 157
1123, 144
1124, 153
1125, 160
1126, 122
1127, 29
1128, 128
1129, 72
1130, 79
1131, 109
1132, 27
1133, 18
1134, 21
1135, 26
1136, 20
1137, 22
1138, 21
1139, 20
1140, 111
1141, 152
1142, 88
1143, 96
1144, 71
1145, 116
1146, 146
1147, 89
1148, 103
1149, 152
1150, 236
1151, 116
1152, 75
1153, 102
1154, 167
1155, 42
1156, 52
1157, 34
1158, 33
1159, 22
1160, 43
1161, 48
1162, 37
1163, 166
1164, 195
1165, 210
1166, 135
1167, 66
1168, 177
1169, 172
1170, 37
1171, 157
1172, 92
1173, 59
1174, 52
1175, 118
1176, 74
1177, 86
1178, 78
1179, 103
1180, 147
1181, 152
1182, 178
1183, 199
1184, 201
1185, 119
1186, 178
1187, 114
1188, 109
1189, 135
1190, 101
1191, 141
1192, 77
1193, 42
1194, 24
1195, 38
1196, 71
1197, 41
1198, 115
1199, 176
1200, 126
1201, 136
1202, 60
1203, 53
1204, 54
1205, 85
1206, 72
1207, 63
1208, 74
1209, 91
1210, 65
1211, 102
1212, 141
1213, 75
1214, 88
1215, 190
1216, 155
1217, 188
1218, 138
1219, 122
1220, 55
1221, 151
1222, 81
1223, 65
1224, 138
1225, 115
1226, 79
1227, 37
1228, 54
1229, 56
1230, 67
1231, 70
1232, 59
1233, 98
1234, 45
1235, 43
1236, 46
1237, 24
1238, 31
1239, 38
1240, 59
1241, 83
1242, 161
1243, 134
1244, 191
1245, 145
1246, 206
1247, 173
1248, 207
1249, 83
1250, 121
1251, 114
1252, 161
1253, 65
1254, 49
1255, 127
1256, 108
1257, 172
1258, 100
1259, 111
1260, 74
1261, 200
1262, 171
1263, 75
1264, 65
1265, 174
1266, 63
1267, 59
1268, 80
1269, 90
1270, 9
1271, 111
1272, 122
1273, 141
1274, 133
1275, 139
1276, 96
1277, 93
1278, 139
1279, 126
1280, 10
1281, 11
1282, 16
1283, 20
1284, 23
1285, 13
1286, 40
1287, 73
1288, 126
1289, 149
1290, 118
1291, 115
1292, 56
1293, 135
1294, 22
1295, 80
1296, 40
1297, 12
1298, 14
1299, 32
1300, 45
1301, 32
1302, 39
1303, 37
1304, 151
1305, 16
1306, 33
1307, 7
1308, 110
1309, 113
1310, 119
1311, 70
1312, 80
1313, 70
1314, 86
1315, 164
1316, 56
1317, 166
1318, 99
1319, 33
1320, 171
1321, 71
1322, 144
1323, 36
1324, 85
1325, 93
1326, 41
1327, 178
1328, 175
1329, 43
1330, 69
1331, 127
1332, 104
1333, 102
1334, 182
1335, 208
1336, 129
1337, 151
1338, 134
1339, 76
1340, 62
1341, 70
1342, 156
1343, 63
1344, 161
1345, 129
1346, 141
1347, 150
1348, 188
1349, 52
1350, 206
1351, 67
1352, 69
1353, 122
1354, 174
1355, 110
1356, 85
1357, 120
1358, 53
1359, 53
1360, 68
1361, 54
1362, 60
1363, 83
1364, 65
1365, 56
1366, 154
1367, 142
1368, 107
1369, 50
1370, 155
1371, 141
1372, 94
1373, 91
1374, 98
1375, 24
1376, 10
1377, 57
1378, 146
1379, 45
1380, 37
1381, 156
1382, 166
1383, 141
1384, 158
1385, 173
1386, 85
1387, 93
1388, 109
1389, 170
1390, 93
1391, 53
1392, 107
1393, 142
1394, 139
1395, 176
1396, 142
1397, 109
1398, 97
1399, 53
1400, 82
1401, 70
1402, 85
1403, 79
1404, 77
1405, 152
1406, 110
1407, 175
1408, 137
1409, 184
1410, 212
1411, 124
1412, 125
1413, 123
1414, 83
1415, 111
1416, 43
1417, 125
1418, 161
1419, 159
1420, 222
1421, 158
1422, 59
1423, 36
1424, 146
1425, 131
1426, 120
1427, 87
1428, 116
1429, 66
1430, 131
1431, 177
1432, 105
1433, 140
1434, 125
1435, 55
1436, 57
1437, 22
1438, 60
1439, 69
1440, 160
1441, 125
1442, 101
1443, 67
1444, 85
1445, 116
1446, 81
1447, 81
1448, 94
1449, 43
1450, 94
1451, 60
1452, 87
1453, 17
1454, 7
1455, 204
1456, 167
1457, 120
1458, 96
1459, 37
1460, 17
1461, 29
1462, 31
1463, 14
1464, 32
1465, 139
1466, 47
1467, 181
1468, 193
1469, 139
1470, 22
1471, 11
1472, 95
1473, 137
1474, 23
1475, 39
1476, 41
1477, 25
1478, 27
1479, 32
1480, 17
1481, 28
1482, 24
1483, 139
1484, 136
1485, 47
1486, 55
1487, 40
1488, 151
1489, 86
1490, 24
1491, 67
1492, 46
1493, 10
1494, 136
1495, 88
1496, 19
1497, 177
1498, 218
1499, 189
1500, 90
1501, 113
1502, 157
1503, 134
1504, 106
1505, 138
1506, 70
1507, 82
1508, 209
1509, 44
1510, 94
1511, 135
1512, 94
1513, 155
1514, 55
1515, 50
1516, 109
1517, 87
1518, 111
1519, 167
1520, 134
1521, 155
1522, 50
1523, 120
1524, 67
1525, 150
1526, 56
1527, 58
1528, 215
1529, 120
1530, 87
1531, 118
1532, 135
1533, 164
1534, 91
1535, 96
1536, 124
1537, 52
1538, 184
1539, 28
1540, 76
1541, 172
1542, 145
1543, 92
1544, 74
1545, 45
1546, 164
1547, 150
1548, 122
1549, 107
1550, 189
1551, 107
1552, 55
1553, 44
1554, 51
1555, 35
1556, 42
1557, 44
1558, 32
1559, 38
1560, 47
1561, 133
1562, 165
1563, 160
1564, 161
1565, 163
1566, 177
1567, 140
1568, 150
1569, 64
1570, 144
1571, 83
1572, 150
1573, 118
1574, 91
1575, 47
1576, 65
1577, 37
1578, 163
1579, 159
1580, 189
1581, 75
1582, 127
1583, 100
1584, 52
1585, 52
1586, 113
1587, 35
1588, 91
1589, 47
1590, 76
1591, 43
1592, 154
1593, 152
1594, 162
1595, 169
1596, 73
1597, 39
1598, 34
1599, 34
1600, 151
1601, 146
1602, 103
1603, 124
1604, 73
1605, 131
1606, 71
1607, 56
1608, 57
1609, 76
1610, 93
1611, 92
1612, 128
1613, 94
1614, 70
1615, 92
1616, 91
1617, 126
1618, 61
1619, 77
1620, 56
1621, 49
1622, 69
1623, 85
1624, 150
1625, 75
1626, 74
1627, 100
1628, 149
1629, 95
1630, 129
1631, 131
1632, 109
1633, 125
1634, 133
1635, 127
1636, 83
1637, 78
1638, 119
1639, 191
1640, 93
1641, 202
1642, 143
1643, 200
1644, 28
1645, 175
1646, 141
1647, 22
1648, 134
1649, 19
1650, 7
1651, 6
1652, 6
1653, 3
1654, 27
1655, 171
1656, 167
1657, 163
1658, 85
1659, 23
1660, 195
1661, 157
1662, 168
1663, 37
1664, 58
1665, 33
1666, 41
1667, 42
1668, 23
1669, 28
1670, 23
1671, 106
1672, 91
1673, 33
1674, 82
1675, 34
1676, 76
1677, 83
1678, 199
1679, 154
1680, 75
1681, 78
1682, 210
1683, 184
1684, 109
1685, 137
1686, 169
1687, 147
1688, 196
1689, 151
1690, 117
1691, 184
1692, 166
1693, 159
1694, 87
1695, 74
1696, 147
1697, 81
1698, 79
1699, 83
1700, 92
1701, 21
1702, 24
1703, 38
1704, 89
1705, 84
1706, 177
1707, 68
1708, 171
1709, 70
1710, 165
1711, 158
1712, 50
1713, 118
1714, 49
1715, 205
1716, 158
1717, 47
1718, 126
1719, 110
1720, 182
1721, 145
1722, 175
1723, 105
1724, 181
1725, 121
1726, 143
1727, 148
1728, 60
1729, 50
1730, 77
1731, 28
1732, 156
1733, 142
1734, 62
1735, 153
1736, 165
1737, 169
1738, 135
1739, 62
1740, 59
1741, 45
1742, 91
1743, 32
1744, 70
1745, 68
1746, 94
1747, 70
1748, 37
1749, 166
1750, 24
1751, 39
1752, 45
1753, 71
1754, 30
1755, 38
1756, 69
1757, 54
1758, 166
1759, 71
1760, 65
1761, 94
1762, 117
1763, 73
1764, 106
1765, 220
1766, 204
1767, 220
1768, 170
1769, 219
1770, 182
1771, 202
1772, 145
1773, 150
1774, 199
1775, 75
1776, 171
1777, 73
1778, 68
1779, 36
1780, 120
1781, 122
1782, 104
1783, 34
1784, 29
1785, 123
1786, 33
1787, 83
1788, 154
1789, 87
1790, 32
1791, 130
1792, 98
1793, 71
1794, 198
1795, 96
1796, 44
1797, 48
1798, 58
1799, 47
1800, 16
1801, 8
1802, 45
1803, 94
1804, 99
1805, 73
1806, 85
1807, 72
1808, 100
1809, 108
1810, 111
1811, 77
1812, 176
1813, 218
1814, 141
1815, 187
1816, 143
1817, 167
1818, 29
1819, 22
1820, 16
1821, 28
1822, 37
1823, 31
1824, 58
1825, 20
1826, 111
1827, 127
1828, 69
1829, 70
1830, 153
1831, 15
1832, 67
1833, 5
1834, 112
1835, 102
1836, 73
1837, 61
1838, 82
1839, 63
1840, 57
1841, 78
1842, 184
1843, 146
1844, 167
1845, 61
1846, 31
1847, 32
1848, 23
1849, 30
1850, 176
1851, 40
1852, 61
1853, 115
1854, 145
1855, 144
1856, 163
1857, 13
1858, 3
1859, 60
1860, 1
1861, 32
1862, 7
1863, 122
1864, 51
1865, 186
1866, 134
1867, 109
1868, 147
1869, 77
1870, 76
1871, 93
1872, 83
1873, 90
1874, 145
1875, 127
1876, 120
1877, 130
1878, 125
1879, 40
1880, 71
1881, 17
1882, 20
1883, 34
1884, 17
1885, 32
1886, 39
1887, 39
1888, 65
1889, 170
1890, 29
1891, 67
1892, 184
1893, 85
1894, 6
1895, 10
1896, 70
1897, 144
1898, 144
1899, 53
1900, 99
1901, 198
1902, 124
1903, 156
1904, 157
1905, 147
1906, 199
1907, 151
1908, 162
1909, 196
1910, 159
1911, 167
1912, 141
1913, 107
1914, 60
1915, 30
1916, 134
1917, 159
1918, 93
1919, 156
1920, 88
1921, 68
1922, 48
1923, 77
1924, 76
1925, 82
1926, 69
1927, 73
1928, 62
1929, 84
1930, 170
1931, 114
1932, 169
1933, 165
1934, 34
1935, 52
1936, 199
1937, 176
1938, 172
1939, 76
1940, 20
1941, 111
1942, 145
1943, 19
1944, 38
1945, 45
1946, 144
1947, 166
1948, 157
1949, 23
1950, 35
1951, 42
1952, 42
1953, 62
1954, 42
1955, 36
1956, 44
1957, 49
1958, 55
1959, 95
1960, 77
1961, 120
1962, 183
1963, 169
1964, 159
1965, 132
1966, 196
1967, 141
1968, 45
1969, 108
1970, 87
1971, 107
1972, 45
1973, 78
1974, 203
1975, 218
1976, 172
1977, 123
1978, 53
1979, 134
1980, 136
1981, 74
1982, 54
1983, 72
1984, 65
1985, 68
1986, 59
1987, 59
1988, 58
1989, 81
1990, 34
1991, 75
1992, 178
1993, 30
1994, 27
1995, 53
1996, 144
1997, 119
1998, 68
1999, 151
2000, 168
2001, 192
2002, 136
2003, 96
2004, 178
2005, 161
2006, 28
2007, 26
2008, 139
2009, 92
2010, 153
2011, 22
2012, 18
2013, 147
2014, 214
2015, 182
2016, 190
2017, 141
2018, 165
2019, 188
2020, 201
2021, 171
2022, 131
2023, 74
2024, 64
2025, 124
2026, 221
2027, 201
2028, 63
2029, 100
2030, 26
2031, 46
2032, 34
2033, 95
2034, 26
2035, 14
2036, 44
2037, 193
2038, 178
2039, 157
2040, 117
2041, 200
2042, 98
2043, 178
2044, 210
2045, 59
2046, 42
2047, 48
2048, 33
2049, 141
2050, 122
2051, 100
2052, 11
2053, 105
2054, 86
2055, 70
2056, 83
2057, 51
2058, 45
2059, 80
2060, 97
2061, 47
2062, 104
2063, 175
2064, 144
2065, 137
2066, 149
2067, 240
2068, 128
2069, 9
2070, 18
2071, 20
2072, 27
2073, 24
2074, 39
2075, 12
2076, 148
2077, 120
2078, 16
2079, 82
2080, 201
2081, 70
2082, 202
2083, 134
2084, 15
2085, 25
2086, 51
2087, 29
2088, 210
2089, 209
2090, 16
2091, 6
2092, 82
2093, 39
2094, 194
2095, 34
2096, 128
2097, 149
2098, 89
2099, 136
2100, 17
2101, 128
2102, 32
2103, 102
2104, 144
2105, 74
2106, 196
2107, 88
2108, 123
2109, 120
2110, 179
2111, 164
2112, 84
2113, 201
2114, 188
2115, 63
2116, 6
2117, 13
2118, 35
2119, 69
2120, 195
2121, 33
2122, 40
2123, 141
2124, 69
2125, 188
2126, 24
2127, 129
2128, 219
2129, 187
2130, 154
2131, 190
2132, 193
2133, 185
2134, 179
2135, 187
2136, 177
2137, 188
2138, 198
2139, 132
2140, 160
2141, 116
2142, 27
2143, 175
2144, 83
2145, 100
2146, 121
2147, 189
2148, 160
2149, 54
2150, 179
2151, 172
2152, 194
2153, 75
2154, 220
2155, 184
2156, 217
2157, 216
2158, 232
2159, 223
2160, 223
2161, 225
2162, 44
2163, 23
2164, 35
2165, 35
2166, 102
2167, 14
2168, 13
2169, 102
2170, 28
2171, 95
2172, 148
2173, 201
2174, 180
2175, 187
2176, 176
2177, 165
2178, 137
2179, 88
2180, 25
2181, 38
2182, 40
2183, 14
2184, 7
2185, 12
2186, 22
2187, 16
2188, 35
2189, 157
2190, 26
2191, 51
2192, 32
2193, 191
2194, 183
2195, 225
2196, 202
2197, 14
2198, 59
2199, 37
2200, 14
2201, 157
2202, 98
2203, 66
2204, 80
2205, 102
2206, 93
2207, 14
2208, 15
2209, 141
2210, 56
2211, 36
2212, 161
2213, 120
2214, 55
2215, 66
2216, 32
2217, 190
2218, 203
2219, 149
2220, 154
2221, 152
2222, 155
2223, 161
2224, 158
2225, 71
2226, 54
2227, 74
2228, 171
2229, 101
2230, 90
2231, 73
2232, 45
2233, 123
2234, 123
2235, 94
2236, 113
2237, 60
2238, 39
2239, 98
2240, 3
2241, 11
2242, 13
2243, 28
2244, 17
2245, 41
2246, 35
2247, 14
2248, 38
2249, 17
2250, 15
2251, 26
2252, 204
2253, 199
2254, 11
2255, 25
2256, 37
2257, 86
2258, 141
2259, 166
2260, 26
2261, 43
2262, 154
2263, 151
2264, 38
2265, 19
2266, 150
2267, 133
2268, 102
2269, 124
2270, 27
2271, 4
2272, 5
2273, 0
2274, 3
2275, 3
2276, 6
2277, 6
2278, 8
2279, 141
2280, 158
2281, 169
2282, 207
2283, 201
2284, 175
2285, 197
2286, 216
2287, 28
2288, 42
2289, 48
2290, 32
2291, 207
2292, 25
2293, 192
2294, 169
2295, 175
2296, 170
2297, 101
2298, 178
2299, 122
2300, 199
2301, 202
2302, 180
2303, 6
2304, 151
2305, 178
2306, 193
2307, 20
2308, 31
2309, 204
2310, 56
2311, 35
2312, 36
2313, 74
2314, 16
2315, 15
2316, 69
2317, 75
2318, 215
2319, 30
2320, 11
2321, 19
2322, 168
2323, 104
2324, 168
2325, 170
2326, 24
2327, 46
2328, 103
2329, 145
2330, 85
2331, 68
2332, 58
2333, 37
2334, 111
2335, 135
2336, 3
2337, 4
2338, 125
2339, 115
2340, 120
2341, 39
2342, 99
2343, 24
2344, 4
2345, 24
2346, 50
2347, 49
2348, 167
2349, 100
2350, 156
2351, 202
2352, 30
2353, 58
2354, 70
2355, 169
2356, 139
2357, 119
2358, 180
2359, 166
2360, 94
2361, 53
2362, 40
2363, 33
2364, 126
2365, 28
2366, 78
2367, 60
2368, 202
2369, 17
2370, 85
2371, 138
2372, 130
2373, 65
2374, 87
2375, 166
2376, 82
2377, 139
2378, 37
2379, 23
2380, 57
2381, 54
2382, 21
2383, 101
2384, 15
2385, 189
2386, 151
2387, 113
2388, 76
2389, 203
2390, 243
2391, 86
2392, 46
2393, 111
2394, 34
2395, 29
2396, 169
2397, 164
2398, 197
2399, 88
2400, 25
2401, 37
2402, 37
2403, 37
2404, 155
2405, 18
2406, 26
2407, 43
2408, 20
2409, 25
2410, 65
2411, 51
2412, 78
2413, 123
2414, 32
2415, 168
2416, 17
2417, 17
2418, 4
2419, 10
2420, 129
2421, 220
2422, 176
2423, 85
2424, 65
2425, 140
2426, 55
2427, 188
2428, 116
2429, 31
2430, 20
2431, 132
2432, 64
2433, 90
2434, 40
2435, 173
2436, 192
2437, 118
2438, 161
2439, 35
2440, 8
2441, 3
2442, 25
2443, 88
2444, 110
2445, 136
2446, 264
2447, 134
2448, 131
2449, 152
2450, 128
2451, 46
2452, 190
2453, 122
2454, 53
2455, 24
2456, 7
2457, 6
2458, 15
2459, 161
2460, 216
2461, 168
2462, 181
2463, 124
2464, 42
2465, 217
2466, 56
2467, 44
2468, 50
2469, 175
2470, 224
2471, 188
2472, 16
2473, 175
2474, 91
2475, 144
2476, 105
2477, 130
2478, 144
2479, 94
2480, 108
2481, 123
2482, 56
2483, 27
2484, 167
2485, 192
2486, 130
2487, 8
2488, 78
2489, 159
2490, 180
2491, 146
2492, 150
2493, 167
2494, 154
2495, 174
2496, 128
2497, 144
2498, 12
2499, 19
2500, 23
2501, 15
2502, 23
2503, 6
2504, 2
2505, 115
2506, 175
2507, 48
2508, 29
2509, 14
2510, 99
2511, 75
2512, 40
2513, 80
2514, 49
2515, 63
2516, 42
2517, 37
2518, 22
2519, 29
2520, 22
2521, 3
2522, 7
2523, 152
2524, 19
2525, 173
2526, 152
2527, 16
2528, 52
2529, 65
2530, 155
2531, 28
2532, 137
2533, 164
2534, 68
2535, 39
2536, 52
2537, 40
2538, 166
2539, 245
2540, 52
2541, 17
2542, 156
2543, 163
2544, 198
2545, 141
2546, 130
2547, 84
2548, 28
2549, 31
2550, 53
2551, 184
2552, 65
2553, 115
2554, 102
2555, 127
2556, 140
2557, 151
2558, 90
2559, 74
2560, 52
2561, 39
2562, 19
2563, 29
2564, 31
2565, 28
2566, 68
2567, 164
2568, 82
2569, 95
2570, 109
2571, 143
2572, 83
2573, 160
2574, 173
2575, 145
2576, 182
2577, 45
2578, 40
2579, 90
2580, 47
2581, 78
2582, 44
2583, 101
2584, 129
2585, 21
2586, 179
2587, 29
2588, 192
2589, 66
2590, 116
2591, 23
2592, 64
2593, 36
2594, 87
2595, 17
2596, 173
2597, 120
2598, 67
2599, 77
2600, 92
2601, 86
2602, 164
2603, 120
2604, 67
2605, 144
2606, 189
2607, 95
2608, 23
2609, 38
2610, 21
2611, 23
2612, 31
2613, 142
2614, 58
2615, 177
2616, 115
2617, 177
2618, 76
2619, 52
2620, 114
2621, 54
2622, 117
2623, 92
2624, 34
2625, 159
2626, 54
2627, 46
2628, 15
2629, 18
2630, 125
2631, 28
2632, 145
2633, 53
2634, 41
2635, 15
2636, 167
2637, 228
2638, 184
2639, 164
2640, 41
2641, 149
2642, 116
2643, 200
2644, 133
2645, 178
2646, 179
2647, 48
2648, 201
2649, 132
2650, 127
2651, 156
2652, 143
2653, 76
2654, 50
2655, 9
2656, 71
2657, 138
2658, 126
2659, 16
2660, 49
2661, 51
2662, 82
2663, 68
2664, 125
2665, 88
2666, 109
2667, 86
2668, 36
2669, 157
2670, 54
2671, 115
2672, 222
2673, 109
2674, 63
2675, 44
2676, 92
2677, 19
2678, 80
2679, 71
2680, 69
2681, 11
2682, 50
2683, 80
2684, 47
2685, 125
2686, 129
2687, 61
2688, 136
2689, 149
2690, 86
2691, 172
2692, 136
2693, 232
2694, 149
2695, 49
2696, 24
2697, 25
2698, 20
2699, 126
2700, 247
2701, 112
2702, 123
2703, 86
2704, 58
2705, 39
2706, 153
2707, 23
2708, 81
2709, 30
2710, 22
2711, 22
2712, 135
2713, 201
2714, 36
2715, 99
2716, 188
2717, 115
2718, 15
2719, 63
2720, 41
2721, 51
2722, 54
2723, 123
2724, 105
2725, 17
2726, 15
2727, 166
2728, 192
2729, 217
2730, 218
2731, 115
2732, 100
2733, 63
2734, 86
2735, 35
2736, 11
2737, 97
2738, 145
2739, 198
2740, 40
2741, 50
2742, 195
2743, 100
2744, 52
2745, 118
2746, 120
2747, 218
2748, 79
2749, 185
2750, 116
2751, 131
2752, 189
2753, 209
2754, 183
2755, 172
2756, 132
2757, 17
2758, 61
2759, 65
2760, 33
2761, 26
2762, 218
2763, 73
2764, 49
2765, 23
2766, 46
2767, 90
2768, 48
2769, 69
2770, 61
2771, 44
2772, 36
2773, 27
2774, 199
2775, 79
2776, 90
2777, 117
2778, 97
2779, 7
2780, 6
2781, 9
2782, 111
2783, 78
2784, 50
2785, 83
2786, 137
2787, 85
2788, 101
2789, 77
2790, 90
2791, 214
2792, 197
2793, 162
2794, 189
2795, 79
2796, 47
2797, 88
2798, 55
2799, 50
2800, 49
2801, 84
2802, 44
2803, 98
2804, 166
2805, 186
2806, 120
2807, 30
2808, 39
2809, 45
2810, 196
2811, 113
2812, 92
2813, 187
2814, 142
2815, 107
2816, 102
2817, 146
2818, 88
2819, 99
2820, 183
2821, 165
2822, 192
2823, 164
2824, 108
2825, 55
2826, 85
2827, 224
2828, 152
2829, 18
2830, 189
2831, 25
2832, 186
2833, 26
2834, 23
2835, 19
2836, 28
2837, 28
2838, 34
2839, 29
2840, 22
2841, 27
2842, 97
2843, 130
2844, 120
2845, 210
2846, 204
2847, 157
2848, 166
2849, 117
2850, 90
2851, 128
2852, 79
2853, 38
2854, 27
2855, 37
2856, 156
2857, 198
2858, 141
2859, 166
2860, 208
2861, 178
2862, 65
2863, 81
2864, 39
2865, 140
2866, 133
2867, 97
2868, 139
2869, 176
2870, 190
2871, 162
2872, 75
2873, 71
2874, 149
2875, 102
2876, 145
2877, 70
2878, 106
2879, 197
2880, 165
2881, 134
2882, 178
2883, 166
2884, 187
2885, 177
2886, 202
2887, 151
2888, 65
2889, 191
2890, 59
2891, 18
2892, 124
2893, 123
2894, 69
2895, 159
2896, 41
2897, 41
2898, 153
2899, 86
2900, 42
2901, 118
2902, 29
2903, 17
2904, 18
2905, 15
2906, 31
2907, 32
2908, 42
2909, 34
2910, 34
2911, 17
2912, 44
2913, 125
2914, 193
2915, 15
2916, 20
2917, 23
2918, 73
2919, 31
2920, 90
2921, 120
2922, 87
2923, 89
2924, 39
2925, 51
2926, 41
2927, 185
2928, 151
2929, 48
2930, 153
2931, 153
2932, 49
2933, 148
2934, 194
2935, 29
2936, 40
2937, 65
2938, 141
2939, 208
2940, 19
2941, 115
2942, 158
2943, 180
2944, 189
2945, 25
2946, 72
2947, 67
2948, 95
2949, 152
2950, 68
2951, 105
2952, 66
2953, 76
2954, 201
2955, 187
2956, 195
2957, 134
2958, 78
2959, 36
2960, 31
2961, 15
2962, 42
2963, 78
2964, 98
2965, 29
2966, 91
2967, 143
2968, 166
2969, 163
2970, 163
2971, 193
2972, 177
2973, 128
2974, 86
2975, 130
2976, 105
2977, 168
2978, 185
2979, 108
2980, 159
2981, 138
2982, 143
2983, 196
2984, 167
2985, 188
2986, 153
2987, 177
2988, 179
2989, 172
2990, 193
2991, 15
2992, 185
2993, 158
2994, 122
2995, 20
2996, 44
2997, 28
2998, 156
2999, 149
3000, 65
3001, 9
3002, 22
3003, 53
3004, 177
3005, 9
3006, 23
3007, 175
3008, 137
3009, 171
3010, 98
3011, 112
3012, 128
3013, 146
3014, 145
3015, 173
3016, 177
3017, 150
3018, 163
3019, 164
3020, 140
3021, 180
3022, 111
3023, 53
3024, 108
3025, 182
3026, 125
3027, 93
3028, 137
3029, 82
3030, 42
3031, 43
3032, 120
3033, 32
3034, 38
3035, 64
3036, 172
3037, 175
3038, 81
3039, 145
3040, 230
3041, 117
3042, 199
3043, 204
3044, 60
3045, 26
3046, 64
3047, 48
3048, 176
3049, 106
3050, 74
3051, 12
3052, 100
3053, 107
3054, 87
3055, 113
3056, 74
3057, 71
3058, 108
3059, 134
3060, 39
3061, 176
3062, 115
3063, 163
3064, 166
3065, 149
3066, 138
3067, 68
3068, 47
3069, 49
3070, 90
3071, 96
3072, 94
3073, 110
3074, 74
3075, 122
3076, 108
3077, 25
3078, 103
3079, 148
3080, 79
3081, 216
3082, 134
3083, 24
3084, 32
3085, 85
3086, 6
3087, 144
3088, 54
3089, 17
3090, 7
3091, 145
3092, 130
3093, 206
3094, 52
3095, 150
3096, 173
3097, 142
3098, 145
3099, 26
3100, 103
3101, 91
3102, 164
3103, 191
3104, 110
3105, 190
3106, 118
3107, 123
3108, 147
3109, 115
3110, 103
3111, 91
3112, 187
3113, 194
3114, 138
3115, 6
3116, 12
3117, 13
3118, 45
3119, 166
3120, 88
3121, 29
3122, 152
3123, 99
3124, 184
3125, 59
3126, 41
3127, 163
3128, 125
3129, 162
3130, 181
3131, 185
3132, 182
3133, 220
3134, 168
3135, 165
3136, 163
3137, 175
3138, 117
3139, 194
3140, 141
3141, 106
3142, 195
3143, 83
3144, 97
3145, 81
3146, 160
3147, 195
3148, 228
3149, 188
3150, 191
3151, 224
3152, 181
3153, 178
3154, 148
3155, 165
3156, 174
3157, 185
3158, 174
3159, 176
3160, 190
3161, 24
3162, 16
3163, 21
3164, 23
3165, 46
3166, 25
3167, 13
3168, 143
3169, 165
3170, 118
3171, 138
3172, 160
3173, 197
3174, 165
3175, 177
3176, 163
3177, 164
3178, 141
3179, 157
3180, 100
3181, 103
3182, 79
3183, 34
3184, 45
3185, 26
3186, 22
3187, 206
3188, 152
3189, 72
3190, 87
3191, 72
3192, 197
3193, 201
3194, 190
3195, 215
3196, 18
3197, 99
3198, 109
3199, 35
3200, 192
3201, 126
3202, 86
3203, 132
3204, 147
3205, 51
3206, 8
3207, 13
3208, 65
3209, 36
3210, 43
3211, 165
3212, 122
3213, 67
3214, 103
3215, 57
3216, 198
3217, 204
3218, 197
3219, 180
3220, 161
3221, 191
3222, 195
3223, 220
3224, 120
3225, 54
3226, 89
3227, 159
3228, 130
3229, 116
3230, 68
3231, 14
3232, 148
3233, 170
3234, 138
3235, 95
3236, 65
3237, 97
3238, 137
3239, 25
3240, 49
3241, 86
3242, 95
3243, 80
3244, 104
3245, 90
3246, 80
3247, 62
3248, 30
3249, 38
3250, 127
3251, 113
3252, 162
3253, 72
3254, 99
3255, 47
3256, 73
3257, 169
3258, 196
3259, 103
3260, 59
3261, 201
3262, 185
3263, 41
3264, 44
3265, 74
3266, 132
3267, 172
3268, 99
3269, 60
3270, 0
3271, 1
3272, 0
3273, 2
3274, 0
3275, 2
3276, 1
3277, 7
3278, 99
3279, 81
3280, 153
3281, 203
3282, 202
3283, 178
3284, 110
3285, 181
3286, 24
3287, 65
3288, 68
3289, 56
3290, 210
3291, 42
3292, 211
3293, 137
3294, 102
3295, 167
3296, 126
3297, 182
3298, 183
3299, 194
3300, 181
3301, 199
3302, 2
3303, 192
3304, 175
3305, 165
3306, 40
3307, 36
3308, 119
3309, 62
3310, 58
3311, 67
3312, 128
3313, 10
3314, 144
3315, 92
3316, 82
3317, 185
3318, 78
3319, 16
3320, 60
3321, 153
3322, 16
3323, 79
3324, 115
3325, 48
3326, 45
3327, 149
3328, 173
3329, 175
3330, 178
3331, 164
3332, 118
3333, 127
3334, 177
3335, 1
3336, 23
3337, 119
3338, 115
3339, 98
3340, 40
3341, 83
3342, 40
3343, 19
3344, 57
3345, 25
3346, 134
3347, 168
3348, 98
3349, 197
3350, 165
3351, 26
3352, 47
3353, 32
3354, 115
3355, 55
3356, 127
3357, 191
3358, 186
3359, 111
3360, 41
3361, 29
3362, 12
3363, 182
3364, 40
3365, 80
3366, 135
3367, 215
3368, 17
3369, 128
3370, 157
3371, 139
3372, 82
3373, 64
3374, 131
3375, 41
3376, 40
3377, 39
3378, 126
3379, 46
3380, 122
3381, 19
3382, 95
3383, 12
3384, 130
3385, 66
3386, 63
3387, 61
3388, 147
3389, 170
3390, 19
3391, 25
3392, 67
3393, 18
3394, 78
3395, 176
3396, 154
3397, 186
3398, 144
3399, 10
3400, 58
3401, 31
3402, 37
3403, 168
3404, 27
3405, 79
3406, 29
3407, 17
3408, 16
3409, 31
3410, 22
3411, 38
3412, 78
3413, 50
3414, 179
3415, 14
3416, 79
3417, 35
3418, 71
3419, 32
3420, 210
3421, 218
3422, 62
3423, 24
3424, 40
3425, 37
3426, 168
3427, 130
3428, 73
3429, 28
3430, 96
3431, 123
3432, 80
3433, 47
3434, 158
3435, 128
3436, 199
3437, 192
3438, 56
3439, 8
3440, 4
3441, 13
3442, 47
3443, 80
3444, 66
3445, 154
3446, 57
3447, 165
3448, 196
3449, 140
3450, 115
3451, 194
3452, 71
3453, 83
3454, 77
3455, 35
3456, 22
3457, 22
3458, 201
3459, 104
3460, 168
3461, 139
3462, 57
3463, 98
3464, 199
3465, 39
3466, 46
3467, 35
3468, 155
3469, 222
3470, 215
3471, 12
3472, 202
3473, 102
3474, 147
3475, 131
3476, 141
3477, 138
3478, 129
3479, 145
3480, 188
3481, 25
3482, 59
3483, 77
3484, 171
3485, 53
3486, 10
3487, 134
3488, 127
3489, 174
3490, 143
3491, 144
3492, 169
3493, 153
3494, 190
3495, 168
3496, 216
3497, 29
3498, 20
3499, 27
3500, 26
3501, 16
3502, 5
3503, 7
3504, 107
3505, 191
3506, 77
3507, 145
3508, 16
3509, 98
3510, 117
3511, 58
3512, 67
3513, 18
3514, 24
3515, 63
3516, 51
3517, 45
3518, 25
3519, 16
3520, 167
3521, 15
3522, 71
3523, 27
3524, 110
3525, 134
3526, 35
3527, 120
3528, 15
3529, 166
3530, 19
3531, 134
3532, 205
3533, 88
3534, 62
3535, 86
3536, 48
3537, 120
3538, 155
3539, 77
3540, 147
3541, 192
3542, 205
3543, 166
3544, 142
3545, 156
3546, 136
3547, 80
3548, 116
3549, 73
3550, 212
3551, 92
3552, 100
3553, 116
3554, 113
3555, 119
3556, 134
3557, 101
3558, 58
3559, 168
3560, 125
3561, 63
3562, 97
3563, 120
3564, 115
3565, 163
3566, 187
3567, 16
3568, 114
3569, 67
3570, 131
3571, 43
3572, 111
3573, 197
3574, 109
3575, 79
3576, 55
3577, 61
3578, 63
3579, 98
3580, 89
3581, 32
3582, 124
3583, 164
3584, 12
3585, 170
3586, 45
3587, 197
3588, 83
3589, 144
3590, 33
3591, 47
3592, 28
3593, 82
3594, 15
3595, 95
3596, 160
3597, 53
3598, 79
3599, 89
3600, 63
3601, 178
3602, 132
3603, 68
3604, 145
3605, 74
3606, 120
3607, 29
3608, 33
3609, 26
3610, 26
3611, 28
3612, 212
3613, 24
3614, 147
3615, 202
3616, 196
3617, 69
3618, 26
3619, 74
3620, 23
3621, 43
3622, 91
3623, 21
3624, 171
3625, 84
3626, 103
3627, 76
3628, 109
3629, 141
3630, 16
3631, 200
3632, 111
3633, 50
3634, 45
3635, 155
3636, 153
3637, 173
3638, 132
3639, 103
3640, 153
3641, 108
3642, 180
3643, 164
3644, 198
3645, 148
3646, 23
3647, 163
3648, 4
3649, 37
3650, 131
3651, 13
3652, 7
3653, 48
3654, 10
3655, 165
3656, 47
3657, 10
3658, 23
3659, 64
3660, 43
3661, 89
3662, 100
3663, 100
3664, 77
3665, 121
3666, 108
3667, 68
3668, 181
3669, 8
3670, 43
3671, 193
3672, 23
3673, 16
3674, 23
3675, 23
3676, 22
3677, 98
3678, 83
3679, 111
3680, 11
3681, 28
3682, 154
3683, 85
3684, 126
3685, 140
3686, 95
3687, 148
3688, 151
3689, 92
3690, 206
3691, 155
3692, 112
3693, 154
3694, 73
3695, 36
3696, 24
3697, 40
3698, 114
3699, 153
3700, 185
3701, 155
3702, 124
3703, 59
3704, 45
3705, 168
3706, 45
3707, 192
3708, 30
3709, 57
3710, 54
3711, 163
3712, 189
3713, 9
3714, 48
3715, 52
3716, 163
3717, 27
3718, 88
3719, 58
3720, 76
3721, 132
3722, 157
3723, 65
3724, 26
3725, 50
3726, 140
3727, 181
3728, 166
3729, 164
3730, 169
3731, 115
3732, 97
3733, 90
3734, 160
3735, 92
3736, 92
3737, 189
3738, 110
3739, 14
3740, 43
3741, 163
3742, 108
3743, 19
3744, 135
3745, 93
3746, 184
3747, 79
3748, 193
3749, 134
3750, 167
3751, 208
3752, 159
3753, 177
3754, 139
3755, 108
3756, 11
3757, 19
3758, 13
3759, 10
3760, 27
3761, 187
3762, 33
3763, 43
3764, 38
3765, 33
3766, 60
3767, 36
3768, 54
3769, 42
3770, 129
3771, 141
3772, 99
3773, 179
3774, 146
3775, 190
3776, 182
3777, 128
3778, 36
3779, 26
3780, 48
3781, 175
3782, 117
3783, 134
3784, 154
3785, 61
3786, 99
3787, 141
3788, 28
3789, 53
3790, 147
3791, 157
3792, 149
3793, 156
3794, 86
3795, 47
3796, 68
3797, 47
3798, 40
3799, 34
3800, 60
3801, 21
3802, 64
3803, 103
3804, 159
3805, 67
3806, 23
3807, 34
3808, 28
3809, 204
3810, 136
3811, 122
3812, 181
3813, 173
3814, 156
3815, 154
3816, 153
3817, 105
3818, 110
3819, 171
3820, 180
3821, 217
3822, 190
3823, 122
3824, 60
3825, 80
3826, 168
3827, 145
3828, 9
3829, 149
3830, 51
3831, 174
3832, 16
3833, 9
3834, 17
3835, 26
3836, 22
3837, 19
3838, 15
3839, 15
3840, 45
3841, 25
3842, 149
3843, 62
3844, 202
3845, 164
3846, 113
3847, 206
3848, 120
3849, 90
3850, 72
3851, 165
3852, 95
3853, 85
3854, 59
3855, 124
3856, 141
3857, 64
3858, 142
3859, 210
3860, 213
3861, 116
3862, 72
3863, 49
3864, 155
3865, 152
3866, 89
3867, 203
3868, 224
3869, 201
3870, 229
3871, 58
3872, 74
3873, 136
3874, 194
3875, 148
3876, 127
3877, 150
3878, 192
3879, 174
3880, 158
3881, 193
3882, 151
3883, 162
3884, 140
3885, 198
3886, 172
3887, 73
3888, 159
3889, 88
3890, 8
3891, 40
3892, 116
3893, 7
3894, 114
3895, 63
3896, 81
3897, 64
3898, 69
3899, 65
3900, 163
3901, 30
3902, 47
3903, 62
3904, 71
3905, 95
3906, 95
3907, 96
3908, 99
3909, 106
3910, 18
3911, 115
3912, 132
3913, 182
3914, 73
3915, 31
3916, 153
3917, 42
3918, 34
3919, 119
3920, 193
3921, 205
3922, 120
3923, 49
3924, 127
3925, 13
3926, 181
3927, 152
3928, 35
3929, 145
3930, 70
3931, 46
3932, 95
3933, 165
3934, 31
3935, 62
3936, 31
3937, 141
3938, 168
3939, 79
3940, 94
3941, 156
3942, 176
3943, 166
3944, 23
3945, 102
3946, 58
3947, 99
3948, 177
3949, 93
3950, 99
3951, 59
3952, 85
3953, 222
3954, 174
3955, 220
3956, 203
3957, 90
3958, 56
3959, 62
3960, 68
3961, 85
3962, 95
3963, 108
3964, 33
3965, 192
3966, 156
3967, 151
3968, 101
3969, 174
3970, 191
3971, 191
3972, 82
3973, 41
3974, 91
3975, 98
3976, 132
3977, 172
3978, 101
3979, 169
3980, 155
3981, 149
3982, 187
3983, 207
3984, 212
3985, 188
3986, 217
3987, 200
3988, 215
3989, 184
3990, 14
3991, 101
3992, 191
3993, 46
3994, 14
3995, 79
3996, 103
3997, 5
3998, 9
3999, 20
4000, 38
4001, 100
4002, 27
4003, 3
4004, 8
4005, 115
4006, 99
4007, 118
4008, 98
4009, 196
4010, 163
4011, 41
4012, 42
4013, 23
4014, 50
4015, 119
4016, 9
4017, 38
4018, 47
4019, 50
4020, 130
4021, 158
4022, 134
4023, 84
4024, 22
4025, 9
4026, 5
4027, 1
4028, 181
4029, 130
4030, 178
4031, 67
4032, 86
4033, 106
4034, 73
4035, 69
4036, 60
4037, 197
4038, 39
4039, 36
4040, 55
4041, 10
4042, 6
4043, 108
4044, 178
4045, 209
4046, 85
4047, 86
4048, 66
4049, 9
4050, 23
4051, 7
4052, 49
4053, 11
4054, 6
4055, 14
4056, 12
4057, 18
4058, 2
4059, 122
4060, 72
4061, 58
4062, 89
4063, 89
4064, 99
4065, 173
4066, 146
4067, 134
4068, 168
4069, 171
4070, 158
4071, 178
4072, 184
4073, 157
4074, 90
4075, 151
4076, 140
4077, 146
4078, 48
4079, 113
4080, 32
4081, 75
4082, 118
4083, 57
4084, 94
4085, 2
4086, 5
4087, 2
4088, 46
4089, 2
4090, 153
4091, 160
4092, 161
4093, 143
4094, 192
4095, 207
4096, 148
4097, 171
4098, 157
4099, 47
4100, 139
4101, 145
4102, 104
4103, 143
4104, 74
4105, 92
4106, 27
4107, 178
4108, 77
4109, 92
4110, 49
4111, 26
4112, 14
4113, 110
4114, 128
4115, 128
4116, 94
4117, 174
4118, 37
4119, 209
4120, 173
4121, 134
4122, 170
4123, 82
4124, 98
4125, 32
4126, 71
4127, 58
4128, 91
4129, 8
4130, 3
4131, 5
4132, 7
4133, 6
4134, 6
4135, 8
4136, 11
4137, 129
4138, 126
4139, 146
4140, 123
4141, 42
4142, 169
4143, 141
4144, 45
4145, 36
4146, 186
4147, 171
4148, 146
4149, 22
4150, 133
4151, 156
4152, 10
4153, 36
4154, 6
4155, 4
4156, 5
4157, 14
4158, 35
4159, 8
4160, 180
4161, 165
4162, 193
4163, 185
4164, 24
4165, 157
4166, 184
4167, 86
4168, 181
4169, 25
4170, 69
4171, 105
4172, 116
4173, 63
4174, 105
4175, 73
4176, 105
4177, 205
4178, 175
4179, 180
4180, 204
4181, 168
4182, 202
4183, 163
4184, 133
4185, 124
4186, 140
4187, 122
4188, 168
4189, 94
4190, 78
4191, 1
4192, 5
4193, 43
4194, 3
4195, 38
4196, 161
4197, 154
4198, 169
4199, 52
4200, 58
4201, 92
4202, 87
4203, 113
4204, 22
4205, 70
4206, 82
4207, 114
4208, 68
4209, 139
4210, 42
4211, 149
4212, 189
4213, 163
4214, 180
4215, 132
4216, 133
4217, 130
4218, 159
4219, 154
4220, 151
4221, 115
4222, 99
4223, 42
4224, 81
4225, 82
4226, 64
4227, 84
4228, 94
4229, 87
4230, 132
4231, 52
4232, 31
4233, 51
4234, 9
4235, 30
4236, 38
4237, 71
4238, 129
4239, 151
4240, 103
4241, 185
4242, 121
4243, 189
4244, 184
4245, 182
4246, 128
4247, 92
4248, 98
4249, 201
4250, 13
4251, 21
4252, 126
4253, 111
4254, 76
4255, 41
4256, 145
4257, 127
4258, 161
4259, 109
4260, 102
4261, 44
4262, 155
4263, 84
4264, 9
4265, 15
4266, 60
4267, 46
4268, 84
4269, 100
4270, 95
4271, 100
4272, 148
4273, 149
4274, 126
4275, 120
4276, 96
4277, 6
4278, 4
4279, 1
4280, 5
4281, 2
4282, 1
4283, 5
4284, 24
4285, 68
4286, 197
4287, 132
4288, 165
4289, 7
4290, 133
4291, 57
4292, 12
4293, 2
4294, 2
4295, 14
4296, 7
4297, 45
4298, 4
4299, 32
4300, 7
4301, 152
4302, 172
4303, 114
4304, 81
4305, 150
4306, 137
4307, 142
4308, 67
4309, 88
4310, 79
4311, 139
4312, 152
4313, 92
4314, 130
4315, 165
4316, 80
4317, 121
4318, 135
4319, 213
4320, 2
4321, 87
4322, 24
4323, 2
4324, 124
4325, 134
4326, 33
4327, 72
4328, 129
4329, 152
4330, 154
4331, 147
4332, 171
4333, 116
4334, 123
4335, 147
4336, 20
4337, 14
4338, 4
4339, 100
4340, 4
4341, 154
4342, 120
4343, 108
4344, 170
4345, 166
4346, 67
4347, 197
4348, 70
4349, 67
4350, 46
4351, 133
4352, 68
4353, 22
4354, 39
4355, 26
4356, 18
4357, 32
4358, 20
4359, 26
4360, 31
4361, 46
4362, 24
4363, 76
4364, 133
4365, 152
4366, 46
4367, 150
4368, 199
4369, 109
4370, 106
4371, 128
4372, 98
4373, 16
4374, 107
4375, 114
4376, 119
4377, 78
4378, 78
4379, 198
4380, 52
4381, 95
4382, 169
4383, 22
4384, 25
4385, 54
4386, 86
4387, 78
4388, 41
4389, 45
4390, 82
4391, 122
4392, 189
4393, 167
4394, 81
4395, 37
4396, 46
4397, 67
4398, 89
4399, 87
4400, 99
4401, 50
4402, 168
4403, 129
4404, 147
4405, 171
4406, 178
4407, 187
4408, 186
4409, 191
4410, 77
4411, 26
4412, 119
4413, 33
4414, 185
4415, 158
4416, 111
4417, 150
4418, 103
4419, 18
4420, 4
4421, 82
4422, 129
4423, 81
4424, 113
4425, 145
4426, 119
4427, 128
4428, 114
4429, 41
4430, 154
4431, 61
4432, 140
4433, 16
4434, 0
4435, 94
4436, 79
4437, 192
4438, 109
4439, 134
4440, 128
4441, 37
4442, 39
4443, 29
4444, 115
4445, 41
4446, 2
4447, 78
4448, 6
4449, 112
4450, 55
4451, 37
4452, 178
4453, 167
4454, 162
4455, 137
4456, 105
4457, 2
4458, 1
4459, 5
4460, 5
4461, 66
4462, 167
4463, 35
4464, 154
4465, 168
4466, 176
4467, 61
4468, 64
4469, 135
4470, 134
4471, 101
4472, 43
4473, 27
4474, 31
4475, 13
4476, 36
4477, 29
4478, 9
4479, 6
4480, 153
4481, 159
4482, 10
4483, 2
4484, 38
4485, 113
4486, 109
4487, 0
4488, 162
4489, 6
4490, 121
4491, 177
4492, 161
4493, 23
4494, 150
4495, 206
4496, 199
4497, 175
4498, 136
4499, 130
4500, 147
4501, 148
4502, 169
4503, 57
4504, 123
4505, 177
4506, 111
4507, 129
4508, 123
4509, 126
4510, 155
4511, 11
4512, 14
4513, 66
4514, 102
4515, 164
4516, 184
4517, 172
4518, 184
4519, 100
4520, 101
4521, 12
4522, 124
4523, 15
4524, 16
4525, 157
4526, 163
4527, 58
4528, 58
4529, 139
4530, 128
4531, 71
4532, 159
4533, 147
4534, 47
4535, 131
4536, 5
4537, 54
4538, 101
4539, 157
4540, 37
4541, 49
4542, 3
4543, 162
4544, 145
4545, 129
4546, 158
4547, 180
4548, 109
4549, 118
4550, 80
4551, 34
4552, 74
4553, 49
4554, 46
4555, 33
4556, 37
4557, 76
4558, 149
4559, 153
4560, 146
4561, 166
4562, 140
4563, 158
4564, 163
4565, 187
4566, 58
4567, 71
4568, 68
4569, 73
4570, 84
4571, 34
4572, 13
4573, 31
4574, 15
4575, 78
4576, 122
4577, 131
4578, 34
4579, 69
4580, 46
4581, 29
4582, 18
4583, 76
4584, 8
4585, 83
4586, 6
4587, 60
4588, 46
4589, 146
4590, 113
4591, 113
4592, 149
4593, 138
4594, 85
4595, 20
4596, 59
4597, 147
4598, 190
4599, 42
4600, 70
4601, 78
4602, 79
4603, 124
4604, 26
4605, 58
4606, 10
4607, 81
4608, 72
4609, 65
4610, 101
4611, 41
4612, 29
4613, 161
4614, 143
4615, 16
4616, 52
4617, 30
4618, 34
4619, 50
4620, 62
4621, 98
4622, 19
4623, 16
4624, 152
4625, 134
4626, 62
4627, 109
4628, 65
4629, 125
4630, 152
4631, 110
4632, 122
4633, 113
4634, 13
4635, 168
4636, 206
4637, 129
4638, 190
4639, 180
4640, 192
4641, 5
4642, 182
4643, 170
4644, 3
4645, 151
4646, 7
4647, 32
4648, 10
4649, 19
4650, 69
4651, 82
4652, 127
4653, 193
4654, 148
4655, 56
4656, 71
4657, 117
4658, 176
4659, 114
4660, 33
4661, 95
4662, 22
4663, 38
4664, 17
4665, 31
4666, 29
4667, 4
4668, 123
4669, 40
4670, 6
4671, 25
4672, 9
4673, 49
4674, 13
4675, 147
4676, 123
4677, 97
4678, 110
4679, 159
4680, 148
4681, 155
4682, 181
4683, 83
4684, 106
4685, 169
4686, 108
4687, 66
4688, 125
4689, 159
4690, 126
4691, 135
4692, 100
4693, 176
4694, 71
4695, 96
4696, 77
4697, 24
4698, 1
4699, 14
4700, 12
4701, 89
4702, 142
4703, 164
4704, 53
4705, 156
4706, 105
4707, 115
4708, 150
4709, 143
4710, 165
4711, 15
4712, 140
4713, 133
4714, 3
4715, 144
4716, 159
4717, 135
4718, 153
4719, 98
4720, 103
4721, 188
4722, 40
4723, 179
4724, 109
4725, 118
4726, 23
4727, 94
4728, 1
4729, 173
4730, 177
4731, 102
4732, 69
4733, 186
4734, 162
4735, 81
4736, 40
4737, 9
4738, 9
4739, 37
4740, 6
4741, 42
4742, 64
4743, 33
4744, 23
4745, 14
4746, 144
4747, 3
4748, 15
4749, 13
4750, 8
4751, 3
4752, 4
4753, 15
4754, 25
4755, 143
4756, 123
4757, 136
4758, 181
4759, 183
4760, 13
4761, 117
4762, 175
4763, 176
4764, 185
4765, 103
4766, 199
4767, 111
4768, 165
4769, 157
4770, 201
4771, 172
4772, 65
4773, 168
4774, 100
4775, 92
4776, 24
4777, 124
4778, 122
4779, 119
4780, 69
4781, 63
4782, 179
4783, 79
4784, 45
4785, 129
4786, 123
4787, 99
4788, 175
4789, 75
4790, 119
4791, 185
4792, 52
4793, 15
4794, 1
4795, 3
4796, 4
4797, 5
4798, 14
4799, 1
4800, 94
4801, 18
4802, 19
4803, 30
4804, 32
4805, 30
4806, 36
4807, 50
4808, 99
4809, 185
4810, 203
4811, 183
4812, 191
4813, 164
4814, 179
4815, 17
4816, 8
4817, 19
4818, 17
4819, 18
4820, 3
4821, 90
4822, 14
4823, 33
4824, 126
4825, 165
4826, 16
4827, 187
4828, 16
4829, 144
4830, 76
4831, 116
4832, 104
4833, 19
4834, 10
4835, 29
4836, 22
4837, 17
4838, 18
4839, 140
4840, 111
4841, 91
4842, 25
4843, 2
4844, 4
4845, 9
4846, 6
4847, 156
4848, 42
4849, 18
4850, 126
4851, 119
4852, 158
4853, 92
4854, 0
4855, 48
4856, 85
4857, 70
4858, 0
4859, 83
4860, 118
4861, 113
4862, 145
4863, 131
4864, 119
4865, 70
4866, 96
4867, 95
4868, 117
4869, 111
4870, 76
4871, 89
4872, 39
4873, 144
4874, 82
4875, 154
4876, 41
4877, 20
4878, 3
4879, 3
4880, 18
4881, 4
4882, 7
4883, 9
4884, 6
4885, 74
4886, 116
4887, 49
4888, 121
4889, 202
4890, 30
4891, 16
4892, 91
4893, 33
4894, 165
4895, 187
4896, 52
4897, 49
4898, 112
4899, 133
4900, 156
4901, 182
4902, 206
4903, 169
4904, 184
4905, 158
4906, 203
4907, 167
4908, 200
4909, 140
4910, 113
4911, 59
4912, 4
4913, 148
4914, 169
4915, 135
4916, 93
4917, 101
4918, 80
4919, 24
4920, 73
4921, 42
4922, 77
4923, 56
4924, 63
4925, 20
4926, 14
4927, 126
4928, 119
4929, 117
4930, 123
4931, 9
4932, 31
4933, 144
4934, 147
4935, 176
4936, 119
4937, 82
4938, 179
4939, 139
4940, 1
4941, 32
4942, 70
4943, 70
4944, 171
4945, 104
4946, 13
4947, 33
4948, 52
4949, 85
4950, 69
4951, 61
4952, 9
4953, 13
4954, 23
4955, 37
4956, 140
4957, 79
4958, 136
4959, 167
4960, 187
4961, 156
4962, 155
4963, 170
4964, 165
4965, 35
4966, 39
4967, 47
4968, 92
4969, 31
4970, 104
4971, 202
4972, 171
4973, 180
4974, 164
4975, 79
4976, 189
4977, 54
4978, 17
4979, 92
4980, 86
4981, 62
4982, 67
4983, 58
4984, 105
4985, 47
4986, 87
4987, 20
4988, 74
4989, 192
4990, 1
4991, 14
4992, 17
4993, 135
4994, 179
